<?xml version="1.0" encoding="UTF-8"?>
<coverage generated="1678340645005" clover="3.2.0">
  <project timestamp="1678340645005" name="All files">
    <metrics statements="59" coveredstatements="55" conditionals="38" coveredconditionals="30" methods="9" coveredmethods="9" elements="106" coveredelements="94" complexity="0" loc="59" ncloc="59" packages="1" files="1" classes="1"/>
    <file name="rover.js" path="/Users/m_brandon/Desktop/MarsRover/rover.js">
      <metrics statements="59" coveredstatements="55" conditionals="38" coveredconditionals="30" methods="9" coveredmethods="9"/>
      <line num="10" count="4" type="stmt"/>
      <line num="11" count="4" type="stmt"/>
      <line num="12" count="4" type="stmt"/>
      <line num="17" count="22" type="cond" truecount="2" falsecount="0"/>
      <line num="18" count="4" type="stmt"/>
      <line num="19" count="18" type="cond" truecount="2" falsecount="0"/>
      <line num="20" count="8" type="stmt"/>
      <line num="21" count="10" type="cond" truecount="2" falsecount="0"/>
      <line num="22" count="6" type="stmt"/>
      <line num="23" count="4" type="cond" truecount="1" falsecount="1"/>
      <line num="24" count="4" type="stmt"/>
      <line num="30" count="8" type="cond" truecount="2" falsecount="0"/>
      <line num="31" count="2" type="stmt"/>
      <line num="32" count="6" type="cond" truecount="2" falsecount="0"/>
      <line num="33" count="2" type="stmt"/>
      <line num="34" count="4" type="cond" truecount="2" falsecount="0"/>
      <line num="35" count="2" type="stmt"/>
      <line num="36" count="2" type="cond" truecount="1" falsecount="1"/>
      <line num="37" count="2" type="stmt"/>
      <line num="43" count="8" type="cond" truecount="2" falsecount="0"/>
      <line num="44" count="2" type="stmt"/>
      <line num="45" count="6" type="cond" truecount="2" falsecount="0"/>
      <line num="46" count="2" type="stmt"/>
      <line num="47" count="4" type="cond" truecount="2" falsecount="0"/>
      <line num="48" count="2" type="stmt"/>
      <line num="49" count="2" type="cond" truecount="1" falsecount="1"/>
      <line num="50" count="2" type="stmt"/>
      <line num="59" count="4" type="stmt"/>
      <line num="60" count="38" type="stmt"/>
      <line num="61" count="38" type="cond" truecount="2" falsecount="0"/>
      <line num="62" count="22" type="stmt"/>
      <line num="63" count="16" type="cond" truecount="2" falsecount="0"/>
      <line num="64" count="8" type="stmt"/>
      <line num="65" count="8" type="cond" truecount="1" falsecount="1"/>
      <line num="66" count="8" type="stmt"/>
      <line num="71" count="4" type="cond" truecount="1" falsecount="1"/>
      <line num="72" count="0" type="stmt"/>
      <line num="73" count="4" type="cond" truecount="1" falsecount="1"/>
      <line num="74" count="0" type="stmt"/>
      <line num="76" count="4" type="cond" truecount="1" falsecount="1"/>
      <line num="77" count="0" type="stmt"/>
      <line num="78" count="4" type="cond" truecount="1" falsecount="1"/>
      <line num="79" count="0" type="stmt"/>
      <line num="86" count="4" type="stmt"/>
      <line num="93" count="2" type="stmt"/>
      <line num="96" count="2" type="stmt"/>
      <line num="99" count="2" type="stmt"/>
      <line num="102" count="2" type="stmt"/>
      <line num="104" count="4" type="stmt"/>
      <line num="107" count="4" type="stmt"/>
      <line num="110" count="4" type="stmt"/>
      <line num="113" count="4" type="stmt"/>
      <line num="116" count="4" type="stmt"/>
      <line num="120" count="2" type="stmt"/>
      <line num="126" count="2" type="stmt"/>
      <line num="129" count="4" type="stmt"/>
      <line num="133" count="1" type="stmt"/>
      <line num="140" count="1" type="stmt"/>
      <line num="142" count="1" type="stmt"/>
    </file>
  </project>
</coverage>
