{"/Users/m_brandon/Desktop/MarsRover/rover.js": {"path":"/Users/m_brandon/Desktop/MarsRover/rover.js","statementMap":{"0":{"start":{"line":10,"column":4},"end":{"line":10,"column":15}},"1":{"start":{"line":11,"column":4},"end":{"line":11,"column":15}},"2":{"start":{"line":12,"column":4},"end":{"line":12,"column":35}},"3":{"start":{"line":17,"column":4},"end":{"line":25,"column":5}},"4":{"start":{"line":18,"column":6},"end":{"line":18,"column":18}},"5":{"start":{"line":19,"column":11},"end":{"line":25,"column":5}},"6":{"start":{"line":20,"column":6},"end":{"line":20,"column":18}},"7":{"start":{"line":21,"column":11},"end":{"line":25,"column":5}},"8":{"start":{"line":22,"column":6},"end":{"line":22,"column":18}},"9":{"start":{"line":23,"column":11},"end":{"line":25,"column":5}},"10":{"start":{"line":24,"column":6},"end":{"line":24,"column":18}},"11":{"start":{"line":30,"column":4},"end":{"line":38,"column":5}},"12":{"start":{"line":31,"column":6},"end":{"line":31,"column":29}},"13":{"start":{"line":32,"column":11},"end":{"line":38,"column":5}},"14":{"start":{"line":33,"column":6},"end":{"line":33,"column":29}},"15":{"start":{"line":34,"column":11},"end":{"line":38,"column":5}},"16":{"start":{"line":35,"column":6},"end":{"line":35,"column":29}},"17":{"start":{"line":36,"column":11},"end":{"line":38,"column":5}},"18":{"start":{"line":37,"column":6},"end":{"line":37,"column":29}},"19":{"start":{"line":43,"column":4},"end":{"line":51,"column":5}},"20":{"start":{"line":44,"column":6},"end":{"line":44,"column":29}},"21":{"start":{"line":45,"column":11},"end":{"line":51,"column":5}},"22":{"start":{"line":46,"column":6},"end":{"line":46,"column":29}},"23":{"start":{"line":47,"column":11},"end":{"line":51,"column":5}},"24":{"start":{"line":48,"column":6},"end":{"line":48,"column":29}},"25":{"start":{"line":49,"column":11},"end":{"line":51,"column":5}},"26":{"start":{"line":50,"column":6},"end":{"line":50,"column":29}},"27":{"start":{"line":59,"column":4},"end":{"line":68,"column":5}},"28":{"start":{"line":59,"column":17},"end":{"line":59,"column":18}},"29":{"start":{"line":60,"column":22},"end":{"line":60,"column":33}},"30":{"start":{"line":61,"column":6},"end":{"line":67,"column":7}},"31":{"start":{"line":62,"column":8},"end":{"line":62,"column":27}},"32":{"start":{"line":63,"column":13},"end":{"line":67,"column":7}},"33":{"start":{"line":64,"column":8},"end":{"line":64,"column":24}},"34":{"start":{"line":65,"column":13},"end":{"line":67,"column":7}},"35":{"start":{"line":66,"column":8},"end":{"line":66,"column":25}},"36":{"start":{"line":71,"column":4},"end":{"line":75,"column":5}},"37":{"start":{"line":72,"column":6},"end":{"line":72,"column":17}},"38":{"start":{"line":73,"column":11},"end":{"line":75,"column":5}},"39":{"start":{"line":74,"column":6},"end":{"line":74,"column":20}},"40":{"start":{"line":76,"column":4},"end":{"line":80,"column":5}},"41":{"start":{"line":77,"column":6},"end":{"line":77,"column":17}},"42":{"start":{"line":78,"column":11},"end":{"line":80,"column":5}},"43":{"start":{"line":79,"column":6},"end":{"line":79,"column":20}},"44":{"start":{"line":86,"column":4},"end":{"line":86,"column":59}},"45":{"start":{"line":93,"column":16},"end":{"line":93,"column":33}},"46":{"start":{"line":96,"column":2},"end":{"line":96,"column":49}},"47":{"start":{"line":99,"column":17},"end":{"line":99,"column":19}},"48":{"start":{"line":102,"column":2},"end":{"line":117,"column":3}},"49":{"start":{"line":102,"column":15},"end":{"line":102,"column":16}},"50":{"start":{"line":104,"column":32},"end":{"line":104,"column":51}},"51":{"start":{"line":107,"column":21},"end":{"line":107,"column":33}},"52":{"start":{"line":110,"column":18},"end":{"line":110,"column":62}},"53":{"start":{"line":113,"column":4},"end":{"line":113,"column":36}},"54":{"start":{"line":116,"column":4},"end":{"line":116,"column":23}},"55":{"start":{"line":120,"column":2},"end":{"line":120,"column":16}},"56":{"start":{"line":126,"column":17},"end":{"line":126,"column":36}},"57":{"start":{"line":129,"column":2},"end":{"line":129,"column":51}},"58":{"start":{"line":129,"column":28},"end":{"line":129,"column":49}},"59":{"start":{"line":133,"column":14},"end":{"line":137,"column":11}},"60":{"start":{"line":140,"column":0},"end":{"line":140,"column":18}},"61":{"start":{"line":142,"column":0},"end":{"line":142,"column":28}}},"fnMap":{"0":{"name":"(anonymous_0)","decl":{"start":{"line":9,"column":2},"end":{"line":9,"column":3}},"loc":{"start":{"line":9,"column":33},"end":{"line":13,"column":3}},"line":9},"1":{"name":"(anonymous_1)","decl":{"start":{"line":16,"column":2},"end":{"line":16,"column":3}},"loc":{"start":{"line":16,"column":16},"end":{"line":26,"column":3}},"line":16},"2":{"name":"(anonymous_2)","decl":{"start":{"line":29,"column":2},"end":{"line":29,"column":3}},"loc":{"start":{"line":29,"column":13},"end":{"line":39,"column":3}},"line":29},"3":{"name":"(anonymous_3)","decl":{"start":{"line":42,"column":2},"end":{"line":42,"column":3}},"loc":{"start":{"line":42,"column":14},"end":{"line":52,"column":3}},"line":42},"4":{"name":"(anonymous_4)","decl":{"start":{"line":58,"column":2},"end":{"line":58,"column":3}},"loc":{"start":{"line":58,"column":28},"end":{"line":81,"column":3}},"line":58},"5":{"name":"(anonymous_5)","decl":{"start":{"line":85,"column":2},"end":{"line":85,"column":3}},"loc":{"start":{"line":85,"column":18},"end":{"line":87,"column":3}},"line":85},"6":{"name":"createRovers","decl":{"start":{"line":91,"column":9},"end":{"line":91,"column":21}},"loc":{"start":{"line":91,"column":29},"end":{"line":121,"column":1}},"line":91},"7":{"name":"runProgram","decl":{"start":{"line":124,"column":9},"end":{"line":124,"column":19}},"loc":{"start":{"line":124,"column":27},"end":{"line":130,"column":1}},"line":124},"8":{"name":"(anonymous_8)","decl":{"start":{"line":129,"column":17},"end":{"line":129,"column":18}},"loc":{"start":{"line":129,"column":28},"end":{"line":129,"column":49}},"line":129}},"branchMap":{"0":{"loc":{"start":{"line":17,"column":4},"end":{"line":25,"column":5}},"type":"if","locations":[{"start":{"line":17,"column":4},"end":{"line":25,"column":5}},{"start":{"line":19,"column":11},"end":{"line":25,"column":5}}],"line":17},"1":{"loc":{"start":{"line":19,"column":11},"end":{"line":25,"column":5}},"type":"if","locations":[{"start":{"line":19,"column":11},"end":{"line":25,"column":5}},{"start":{"line":21,"column":11},"end":{"line":25,"column":5}}],"line":19},"2":{"loc":{"start":{"line":21,"column":11},"end":{"line":25,"column":5}},"type":"if","locations":[{"start":{"line":21,"column":11},"end":{"line":25,"column":5}},{"start":{"line":23,"column":11},"end":{"line":25,"column":5}}],"line":21},"3":{"loc":{"start":{"line":23,"column":11},"end":{"line":25,"column":5}},"type":"if","locations":[{"start":{"line":23,"column":11},"end":{"line":25,"column":5}},{"start":{},"end":{}}],"line":23},"4":{"loc":{"start":{"line":30,"column":4},"end":{"line":38,"column":5}},"type":"if","locations":[{"start":{"line":30,"column":4},"end":{"line":38,"column":5}},{"start":{"line":32,"column":11},"end":{"line":38,"column":5}}],"line":30},"5":{"loc":{"start":{"line":32,"column":11},"end":{"line":38,"column":5}},"type":"if","locations":[{"start":{"line":32,"column":11},"end":{"line":38,"column":5}},{"start":{"line":34,"column":11},"end":{"line":38,"column":5}}],"line":32},"6":{"loc":{"start":{"line":34,"column":11},"end":{"line":38,"column":5}},"type":"if","locations":[{"start":{"line":34,"column":11},"end":{"line":38,"column":5}},{"start":{"line":36,"column":11},"end":{"line":38,"column":5}}],"line":34},"7":{"loc":{"start":{"line":36,"column":11},"end":{"line":38,"column":5}},"type":"if","locations":[{"start":{"line":36,"column":11},"end":{"line":38,"column":5}},{"start":{},"end":{}}],"line":36},"8":{"loc":{"start":{"line":43,"column":4},"end":{"line":51,"column":5}},"type":"if","locations":[{"start":{"line":43,"column":4},"end":{"line":51,"column":5}},{"start":{"line":45,"column":11},"end":{"line":51,"column":5}}],"line":43},"9":{"loc":{"start":{"line":45,"column":11},"end":{"line":51,"column":5}},"type":"if","locations":[{"start":{"line":45,"column":11},"end":{"line":51,"column":5}},{"start":{"line":47,"column":11},"end":{"line":51,"column":5}}],"line":45},"10":{"loc":{"start":{"line":47,"column":11},"end":{"line":51,"column":5}},"type":"if","locations":[{"start":{"line":47,"column":11},"end":{"line":51,"column":5}},{"start":{"line":49,"column":11},"end":{"line":51,"column":5}}],"line":47},"11":{"loc":{"start":{"line":49,"column":11},"end":{"line":51,"column":5}},"type":"if","locations":[{"start":{"line":49,"column":11},"end":{"line":51,"column":5}},{"start":{},"end":{}}],"line":49},"12":{"loc":{"start":{"line":61,"column":6},"end":{"line":67,"column":7}},"type":"if","locations":[{"start":{"line":61,"column":6},"end":{"line":67,"column":7}},{"start":{"line":63,"column":13},"end":{"line":67,"column":7}}],"line":61},"13":{"loc":{"start":{"line":63,"column":13},"end":{"line":67,"column":7}},"type":"if","locations":[{"start":{"line":63,"column":13},"end":{"line":67,"column":7}},{"start":{"line":65,"column":13},"end":{"line":67,"column":7}}],"line":63},"14":{"loc":{"start":{"line":65,"column":13},"end":{"line":67,"column":7}},"type":"if","locations":[{"start":{"line":65,"column":13},"end":{"line":67,"column":7}},{"start":{},"end":{}}],"line":65},"15":{"loc":{"start":{"line":71,"column":4},"end":{"line":75,"column":5}},"type":"if","locations":[{"start":{"line":71,"column":4},"end":{"line":75,"column":5}},{"start":{"line":73,"column":11},"end":{"line":75,"column":5}}],"line":71},"16":{"loc":{"start":{"line":73,"column":11},"end":{"line":75,"column":5}},"type":"if","locations":[{"start":{"line":73,"column":11},"end":{"line":75,"column":5}},{"start":{},"end":{}}],"line":73},"17":{"loc":{"start":{"line":76,"column":4},"end":{"line":80,"column":5}},"type":"if","locations":[{"start":{"line":76,"column":4},"end":{"line":80,"column":5}},{"start":{"line":78,"column":11},"end":{"line":80,"column":5}}],"line":76},"18":{"loc":{"start":{"line":78,"column":11},"end":{"line":80,"column":5}},"type":"if","locations":[{"start":{"line":78,"column":11},"end":{"line":80,"column":5}},{"start":{},"end":{}}],"line":78}},"s":{"0":4,"1":4,"2":4,"3":22,"4":4,"5":18,"6":8,"7":10,"8":6,"9":4,"10":4,"11":8,"12":2,"13":6,"14":2,"15":4,"16":2,"17":2,"18":2,"19":8,"20":2,"21":6,"22":2,"23":4,"24":2,"25":2,"26":2,"27":4,"28":4,"29":38,"30":38,"31":22,"32":16,"33":8,"34":8,"35":8,"36":4,"37":0,"38":4,"39":0,"40":4,"41":0,"42":4,"43":0,"44":4,"45":2,"46":2,"47":2,"48":2,"49":2,"50":4,"51":4,"52":4,"53":4,"54":4,"55":2,"56":2,"57":2,"58":4,"59":1,"60":1,"61":1},"f":{"0":4,"1":22,"2":8,"3":8,"4":4,"5":4,"6":2,"7":2,"8":4},"b":{"0":[4,18],"1":[8,10],"2":[6,4],"3":[4,0],"4":[2,6],"5":[2,4],"6":[2,2],"7":[2,0],"8":[2,6],"9":[2,4],"10":[2,2],"11":[2,0],"12":[22,16],"13":[8,8],"14":[8,0],"15":[0,4],"16":[0,4],"17":[0,4],"18":[0,4]},"_coverageSchema":"1a1c01bbd47fc00a2c39e90264f33305004495a9","hash":"fea5bf2cdb188e99e4314d9f247f5a49a408c105"}
}
