TN:
SF:rover.js
FN:9,(anonymous_0)
FN:16,(anonymous_1)
FN:29,(anonymous_2)
FN:42,(anonymous_3)
FN:58,(anonymous_4)
FN:85,(anonymous_5)
FN:91,createRovers
FN:124,runProgram
FN:129,(anonymous_8)
FNF:9
FNH:9
FNDA:4,(anonymous_0)
FNDA:22,(anonymous_1)
FNDA:8,(anonymous_2)
FNDA:8,(anonymous_3)
FNDA:4,(anonymous_4)
FNDA:4,(anonymous_5)
FNDA:2,createRovers
FNDA:2,runProgram
FNDA:4,(anonymous_8)
DA:10,4
DA:11,4
DA:12,4
DA:17,22
DA:18,4
DA:19,18
DA:20,8
DA:21,10
DA:22,6
DA:23,4
DA:24,4
DA:30,8
DA:31,2
DA:32,6
DA:33,2
DA:34,4
DA:35,2
DA:36,2
DA:37,2
DA:43,8
DA:44,2
DA:45,6
DA:46,2
DA:47,4
DA:48,2
DA:49,2
DA:50,2
DA:59,4
DA:60,38
DA:61,38
DA:62,22
DA:63,16
DA:64,8
DA:65,8
DA:66,8
DA:71,4
DA:72,0
DA:73,4
DA:74,0
DA:76,4
DA:77,0
DA:78,4
DA:79,0
DA:86,4
DA:93,2
DA:96,2
DA:99,2
DA:102,2
DA:104,4
DA:107,4
DA:110,4
DA:113,4
DA:116,4
DA:120,2
DA:126,2
DA:129,4
DA:133,1
DA:140,1
DA:142,1
LF:59
LH:55
BRDA:17,0,0,4
BRDA:17,0,1,18
BRDA:19,1,0,8
BRDA:19,1,1,10
BRDA:21,2,0,6
BRDA:21,2,1,4
BRDA:23,3,0,4
BRDA:23,3,1,0
BRDA:30,4,0,2
BRDA:30,4,1,6
BRDA:32,5,0,2
BRDA:32,5,1,4
BRDA:34,6,0,2
BRDA:34,6,1,2
BRDA:36,7,0,2
BRDA:36,7,1,0
BRDA:43,8,0,2
BRDA:43,8,1,6
BRDA:45,9,0,2
BRDA:45,9,1,4
BRDA:47,10,0,2
BRDA:47,10,1,2
BRDA:49,11,0,2
BRDA:49,11,1,0
BRDA:61,12,0,22
BRDA:61,12,1,16
BRDA:63,13,0,8
BRDA:63,13,1,8
BRDA:65,14,0,8
BRDA:65,14,1,0
BRDA:71,15,0,0
BRDA:71,15,1,4
BRDA:73,16,0,0
BRDA:73,16,1,4
BRDA:76,17,0,0
BRDA:76,17,1,4
BRDA:78,18,0,0
BRDA:78,18,1,4
BRF:38
BRH:30
end_of_record
